{"/home/miketrebilcock/Documents/git/js-gpiozero/gpiozero/index.js":{"path":"/home/miketrebilcock/Documents/git/js-gpiozero/gpiozero/index.js","s":{"1":1,"2":1},"b":{},"f":{},"fnMap":{},"statementMap":{"1":{"start":{"line":1,"column":0},"end":{"line":4,"column":26}},"2":{"start":{"line":6,"column":0},"end":{"line":20,"column":1}}},"branchMap":{}},"/home/miketrebilcock/Documents/git/js-gpiozero/gpiozero/exc.js":{"path":"/home/miketrebilcock/Documents/git/js-gpiozero/gpiozero/exc.js","s":{"1":1,"2":1,"3":8,"4":8,"5":1,"6":4,"7":4,"8":1,"9":1,"10":2,"11":1,"12":1,"13":1,"14":1,"15":1,"16":1,"17":1,"18":1,"19":1,"20":1,"21":1,"22":1,"23":1,"24":1,"25":1,"26":1,"27":1,"28":0,"29":1,"30":1,"31":1,"32":1,"33":1},"b":{"1":[4,0],"2":[2,0],"3":[1,0],"4":[1,0],"5":[1,0],"6":[1,0]},"f":{"1":8,"2":8,"3":4,"4":2,"5":1,"6":1,"7":1,"8":1,"9":0,"10":1},"fnMap":{"1":{"name":"inherit","line":1,"loc":{"start":{"line":1,"column":0},"end":{"line":1,"column":24}}},"2":{"name":"F","line":2,"loc":{"start":{"line":2,"column":2},"end":{"line":2,"column":15}}},"3":{"name":"GPIOZeroError","line":7,"loc":{"start":{"line":7,"column":0},"end":{"line":7,"column":33}}},"4":{"name":"GPIODeviceError","line":20,"loc":{"start":{"line":20,"column":0},"end":{"line":20,"column":35}}},"5":{"name":"DeviceClosed","line":25,"loc":{"start":{"line":25,"column":0},"end":{"line":25,"column":32}}},"6":{"name":"GPIOPinMissing","line":31,"loc":{"start":{"line":31,"column":0},"end":{"line":31,"column":34}}},"7":{"name":"GPIOPinInUse","line":38,"loc":{"start":{"line":38,"column":0},"end":{"line":38,"column":32}}},"8":{"name":"PinError","line":44,"loc":{"start":{"line":44,"column":0},"end":{"line":44,"column":27}}},"9":{"name":"PinInvalidFunction","line":49,"loc":{"start":{"line":49,"column":0},"end":{"line":49,"column":38}}},"10":{"name":"PinSetInput","line":54,"loc":{"start":{"line":54,"column":0},"end":{"line":54,"column":31}}}},"statementMap":{"1":{"start":{"line":1,"column":0},"end":{"line":5,"column":1}},"2":{"start":{"line":2,"column":2},"end":{"line":2,"column":17}},"3":{"start":{"line":3,"column":2},"end":{"line":3,"column":22}},"4":{"start":{"line":4,"column":2},"end":{"line":4,"column":15}},"5":{"start":{"line":7,"column":0},"end":{"line":10,"column":1}},"6":{"start":{"line":8,"column":1},"end":{"line":8,"column":73}},"7":{"start":{"line":9,"column":1},"end":{"line":9,"column":27}},"8":{"start":{"line":12,"column":0},"end":{"line":12,"column":51}},"9":{"start":{"line":20,"column":0},"end":{"line":22,"column":1}},"10":{"start":{"line":21,"column":1},"end":{"line":21,"column":115}},"11":{"start":{"line":23,"column":0},"end":{"line":23,"column":61}},"12":{"start":{"line":25,"column":0},"end":{"line":27,"column":1}},"13":{"start":{"line":26,"column":1},"end":{"line":26,"column":115}},"14":{"start":{"line":28,"column":0},"end":{"line":28,"column":58}},"15":{"start":{"line":29,"column":0},"end":{"line":29,"column":36}},"16":{"start":{"line":31,"column":0},"end":{"line":33,"column":1}},"17":{"start":{"line":32,"column":1},"end":{"line":32,"column":106}},"18":{"start":{"line":34,"column":0},"end":{"line":34,"column":63}},"19":{"start":{"line":35,"column":0},"end":{"line":35,"column":40}},"20":{"start":{"line":38,"column":0},"end":{"line":40,"column":1}},"21":{"start":{"line":39,"column":1},"end":{"line":39,"column":133}},"22":{"start":{"line":41,"column":0},"end":{"line":41,"column":60}},"23":{"start":{"line":42,"column":0},"end":{"line":42,"column":36}},"24":{"start":{"line":44,"column":0},"end":{"line":46,"column":1}},"25":{"start":{"line":45,"column":4},"end":{"line":45,"column":112}},"26":{"start":{"line":47,"column":0},"end":{"line":47,"column":54}},"27":{"start":{"line":49,"column":0},"end":{"line":51,"column":1}},"28":{"start":{"line":50,"column":4},"end":{"line":50,"column":33}},"29":{"start":{"line":52,"column":0},"end":{"line":52,"column":59}},"30":{"start":{"line":54,"column":0},"end":{"line":56,"column":1}},"31":{"start":{"line":55,"column":4},"end":{"line":55,"column":33}},"32":{"start":{"line":57,"column":0},"end":{"line":57,"column":52}},"33":{"start":{"line":58,"column":0},"end":{"line":58,"column":34}}},"branchMap":{"1":{"line":8,"type":"cond-expr","locations":[{"start":{"line":8,"column":20},"end":{"line":8,"column":27}},{"start":{"line":8,"column":28},"end":{"line":8,"column":72}}]},"2":{"line":21,"type":"cond-expr","locations":[{"start":{"line":21,"column":45},"end":{"line":21,"column":52}},{"start":{"line":21,"column":53},"end":{"line":21,"column":113}}]},"3":{"line":26,"type":"cond-expr","locations":[{"start":{"line":26,"column":45},"end":{"line":26,"column":52}},{"start":{"line":26,"column":53},"end":{"line":26,"column":113}}]},"4":{"line":32,"type":"cond-expr","locations":[{"start":{"line":32,"column":47},"end":{"line":32,"column":54}},{"start":{"line":32,"column":55},"end":{"line":32,"column":104}}]},"5":{"line":39,"type":"cond-expr","locations":[{"start":{"line":39,"column":47},"end":{"line":39,"column":54}},{"start":{"line":39,"column":55},"end":{"line":39,"column":131}}]},"6":{"line":45,"type":"cond-expr","locations":[{"start":{"line":45,"column":48},"end":{"line":45,"column":55}},{"start":{"line":45,"column":56},"end":{"line":45,"column":110}}]}}},"/home/miketrebilcock/Documents/git/js-gpiozero/gpiozero/devices.js":{"path":"/home/miketrebilcock/Documents/git/js-gpiozero/gpiozero/devices.js","s":{"1":1,"2":1,"3":1,"4":1,"5":1,"6":1,"7":1,"8":1,"9":1,"10":1,"11":1,"12":0,"13":1,"14":0,"15":1,"16":25,"17":1,"18":1,"19":1,"20":20,"21":20,"22":20,"23":1,"24":19,"25":0,"26":19,"27":19,"28":1,"29":18,"30":18,"31":18,"32":18,"33":18,"34":1,"35":1,"36":1,"37":19,"38":19,"39":19,"40":19,"41":18,"42":18,"43":19,"44":19,"45":1,"46":30,"47":1,"48":19,"49":1,"50":1,"51":1,"52":13,"53":13,"54":1,"55":13,"56":1,"57":7,"58":1,"59":1,"60":1},"b":{"1":[1,24],"2":[1,19],"3":[0,19],"4":[1,18],"5":[18,1]},"f":{"1":1,"2":1,"3":1,"4":20,"5":0,"6":0,"7":25,"8":20,"9":19,"10":19,"11":19,"12":30,"13":19,"14":1,"15":13,"16":13,"17":7,"18":1},"fnMap":{"1":{"name":"inherit","line":11,"loc":{"start":{"line":11,"column":0},"end":{"line":11,"column":24}}},"2":{"name":"F","line":12,"loc":{"start":{"line":12,"column":2},"end":{"line":12,"column":15}}},"3":{"name":"_default_pin_factory","line":17,"loc":{"start":{"line":17,"column":0},"end":{"line":17,"column":36}}},"4":{"name":"Device","line":50,"loc":{"start":{"line":50,"column":0},"end":{"line":50,"column":19}}},"5":{"name":"(anonymous_5)","line":59,"loc":{"start":{"line":59,"column":25},"end":{"line":59,"column":37}}},"6":{"name":"(anonymous_6)","line":68,"loc":{"start":{"line":68,"column":29},"end":{"line":68,"column":40}}},"7":{"name":"(anonymous_7)","line":77,"loc":{"start":{"line":77,"column":31},"end":{"line":77,"column":43}}},"8":{"name":"GPIODevice","line":87,"loc":{"start":{"line":87,"column":0},"end":{"line":87,"column":26}}},"9":{"name":"(anonymous_9)","line":100,"loc":{"start":{"line":100,"column":24},"end":{"line":100,"column":43}}},"10":{"name":"(anonymous_10)","line":116,"loc":{"start":{"line":116,"column":30},"end":{"line":116,"column":42}}},"11":{"name":"(anonymous_11)","line":118,"loc":{"start":{"line":118,"column":24},"end":{"line":118,"column":43}}},"12":{"name":"(anonymous_12)","line":129,"loc":{"start":{"line":129,"column":30},"end":{"line":129,"column":42}}},"13":{"name":"(anonymous_13)","line":133,"loc":{"start":{"line":133,"column":27},"end":{"line":133,"column":39}}},"14":{"name":"(anonymous_14)","line":143,"loc":{"start":{"line":143,"column":29},"end":{"line":143,"column":41}}},"15":{"name":"(anonymous_15)","line":147,"loc":{"start":{"line":147,"column":29},"end":{"line":147,"column":41}}},"16":{"name":"(anonymous_16)","line":152,"loc":{"start":{"line":152,"column":39},"end":{"line":152,"column":56}}},"17":{"name":"(anonymous_17)","line":156,"loc":{"start":{"line":156,"column":33},"end":{"line":156,"column":45}}},"18":{"name":"(anonymous_18)","line":168,"loc":{"start":{"line":168,"column":32},"end":{"line":168,"column":44}}}},"statementMap":{"1":{"start":{"line":3,"column":0},"end":{"line":5,"column":54}},"2":{"start":{"line":7,"column":0},"end":{"line":7,"column":18}},"3":{"start":{"line":8,"column":0},"end":{"line":8,"column":34}},"4":{"start":{"line":11,"column":0},"end":{"line":15,"column":1}},"5":{"start":{"line":12,"column":2},"end":{"line":12,"column":17}},"6":{"start":{"line":13,"column":2},"end":{"line":13,"column":22}},"7":{"start":{"line":14,"column":2},"end":{"line":14,"column":15}},"8":{"start":{"line":17,"column":0},"end":{"line":45,"column":1}},"9":{"start":{"line":48,"column":0},"end":{"line":48,"column":37}},"10":{"start":{"line":50,"column":0},"end":{"line":57,"column":1}},"11":{"start":{"line":59,"column":0},"end":{"line":66,"column":1}},"12":{"start":{"line":65,"column":4},"end":{"line":65,"column":32}},"13":{"start":{"line":68,"column":0},"end":{"line":75,"column":1}},"14":{"start":{"line":74,"column":4},"end":{"line":74,"column":33}},"15":{"start":{"line":77,"column":0},"end":{"line":81,"column":1}},"16":{"start":{"line":78,"column":4},"end":{"line":80,"column":5}},"17":{"start":{"line":79,"column":8},"end":{"line":79,"column":66}},"18":{"start":{"line":84,"column":0},"end":{"line":84,"column":24}},"19":{"start":{"line":87,"column":0},"end":{"line":111,"column":1}},"20":{"start":{"line":91,"column":4},"end":{"line":91,"column":22}},"21":{"start":{"line":92,"column":4},"end":{"line":92,"column":26}},"22":{"start":{"line":93,"column":4},"end":{"line":95,"column":5}},"23":{"start":{"line":94,"column":8},"end":{"line":94,"column":53}},"24":{"start":{"line":96,"column":4},"end":{"line":98,"column":5}},"25":{"start":{"line":97,"column":8},"end":{"line":97,"column":32}},"26":{"start":{"line":100,"column":4},"end":{"line":106,"column":7}},"27":{"start":{"line":101,"column":8},"end":{"line":103,"column":9}},"28":{"start":{"line":102,"column":12},"end":{"line":102,"column":114}},"29":{"start":{"line":104,"column":8},"end":{"line":104,"column":23}},"30":{"start":{"line":105,"column":8},"end":{"line":105,"column":18}},"31":{"start":{"line":108,"column":4},"end":{"line":108,"column":20}},"32":{"start":{"line":109,"column":4},"end":{"line":109,"column":30}},"33":{"start":{"line":110,"column":4},"end":{"line":110,"column":33}},"34":{"start":{"line":113,"column":0},"end":{"line":113,"column":49}},"35":{"start":{"line":114,"column":0},"end":{"line":114,"column":46}},"36":{"start":{"line":116,"column":0},"end":{"line":127,"column":1}},"37":{"start":{"line":117,"column":4},"end":{"line":117,"column":20}},"38":{"start":{"line":118,"column":4},"end":{"line":126,"column":7}},"39":{"start":{"line":119,"column":8},"end":{"line":119,"column":24}},"40":{"start":{"line":120,"column":8},"end":{"line":123,"column":9}},"41":{"start":{"line":121,"column":12},"end":{"line":121,"column":30}},"42":{"start":{"line":122,"column":12},"end":{"line":122,"column":30}},"43":{"start":{"line":124,"column":8},"end":{"line":124,"column":30}},"44":{"start":{"line":125,"column":8},"end":{"line":125,"column":18}},"45":{"start":{"line":129,"column":0},"end":{"line":131,"column":1}},"46":{"start":{"line":130,"column":4},"end":{"line":130,"column":36}},"47":{"start":{"line":133,"column":0},"end":{"line":141,"column":1}},"48":{"start":{"line":140,"column":4},"end":{"line":140,"column":20}},"49":{"start":{"line":143,"column":0},"end":{"line":145,"column":2}},"50":{"start":{"line":144,"column":4},"end":{"line":144,"column":24}},"51":{"start":{"line":147,"column":0},"end":{"line":150,"column":1}},"52":{"start":{"line":148,"column":4},"end":{"line":148,"column":23}},"53":{"start":{"line":149,"column":4},"end":{"line":149,"column":52}},"54":{"start":{"line":152,"column":0},"end":{"line":154,"column":1}},"55":{"start":{"line":153,"column":8},"end":{"line":153,"column":52}},"56":{"start":{"line":156,"column":0},"end":{"line":164,"column":1}},"57":{"start":{"line":163,"column":4},"end":{"line":163,"column":33}},"58":{"start":{"line":168,"column":0},"end":{"line":176,"column":1}},"59":{"start":{"line":175,"column":4},"end":{"line":175,"column":117}},"60":{"start":{"line":178,"column":0},"end":{"line":178,"column":32}}},"branchMap":{"1":{"line":78,"type":"if","locations":[{"start":{"line":78,"column":4},"end":{"line":78,"column":4}},{"start":{"line":78,"column":4},"end":{"line":78,"column":4}}]},"2":{"line":93,"type":"if","locations":[{"start":{"line":93,"column":4},"end":{"line":93,"column":4}},{"start":{"line":93,"column":4},"end":{"line":93,"column":4}}]},"3":{"line":96,"type":"if","locations":[{"start":{"line":96,"column":4},"end":{"line":96,"column":4}},{"start":{"line":96,"column":4},"end":{"line":96,"column":4}}]},"4":{"line":101,"type":"if","locations":[{"start":{"line":101,"column":8},"end":{"line":101,"column":8}},{"start":{"line":101,"column":8},"end":{"line":101,"column":8}}]},"5":{"line":120,"type":"if","locations":[{"start":{"line":120,"column":8},"end":{"line":120,"column":8}},{"start":{"line":120,"column":8},"end":{"line":120,"column":8}}]}}},"/home/miketrebilcock/Documents/git/js-gpiozero/gpiozero/pins/wiringpi.js":{"path":"/home/miketrebilcock/Documents/git/js-gpiozero/gpiozero/pins/wiringpi.js","s":{"1":1,"2":1,"3":1,"4":1,"5":1,"6":1,"7":1,"8":1,"9":1,"10":0,"11":0,"12":0,"13":0,"14":0,"15":0,"16":0,"17":0,"18":0,"19":0,"20":0,"21":0,"22":0,"23":0,"24":0,"25":0,"26":0,"27":0,"28":0,"29":0,"30":0,"31":0,"32":0,"33":0,"34":1,"35":1,"36":1,"37":0,"38":1,"39":0,"40":1,"41":0,"42":0,"43":0,"44":1,"45":0,"46":0,"47":0,"48":1,"49":0,"50":0,"51":0,"52":1,"53":0,"54":0,"55":0,"56":0,"57":0,"58":0,"59":0,"60":0,"61":1,"62":0,"63":0,"64":0,"65":0,"66":0,"67":0,"68":0,"69":0,"70":1,"71":0,"72":0,"73":0,"74":0,"75":0,"76":0},"b":{"1":[0,0],"2":[0,0],"3":[0,0],"4":[0,0],"5":[0,0],"6":[0,0],"7":[0,0],"8":[0,0],"9":[0,0],"10":[0,0],"11":[0,0],"12":[0,0]},"f":{"1":1,"2":1,"3":0,"4":0,"5":0,"6":0,"7":0,"8":0,"9":0,"10":0,"11":0},"fnMap":{"1":{"name":"inherit","line":9,"loc":{"start":{"line":9,"column":0},"end":{"line":9,"column":24}}},"2":{"name":"F","line":10,"loc":{"start":{"line":10,"column":2},"end":{"line":10,"column":15}}},"3":{"name":"WiringPiPin","line":15,"loc":{"start":{"line":15,"column":0},"end":{"line":15,"column":31}}},"4":{"name":"(anonymous_4)","line":100,"loc":{"start":{"line":100,"column":33},"end":{"line":100,"column":45}}},"5":{"name":"(anonymous_5)","line":104,"loc":{"start":{"line":104,"column":31},"end":{"line":104,"column":43}}},"6":{"name":"(anonymous_6)","line":108,"loc":{"start":{"line":108,"column":30},"end":{"line":108,"column":42}}},"7":{"name":"(anonymous_7)","line":114,"loc":{"start":{"line":114,"column":42},"end":{"line":114,"column":59}}},"8":{"name":"(anonymous_8)","line":120,"loc":{"start":{"line":120,"column":40},"end":{"line":120,"column":56}}},"9":{"name":"(anonymous_9)","line":132,"loc":{"start":{"line":132,"column":37},"end":{"line":132,"column":54}}},"10":{"name":"(anonymous_10)","line":147,"loc":{"start":{"line":147,"column":30},"end":{"line":147,"column":47}}},"11":{"name":"(anonymous_11)","line":163,"loc":{"start":{"line":163,"column":29},"end":{"line":163,"column":46}}}},"statementMap":{"1":{"start":{"line":1,"column":0},"end":{"line":3,"column":31}},"2":{"start":{"line":5,"column":0},"end":{"line":5,"column":15}},"3":{"start":{"line":6,"column":0},"end":{"line":6,"column":14}},"4":{"start":{"line":7,"column":0},"end":{"line":7,"column":24}},"5":{"start":{"line":9,"column":0},"end":{"line":13,"column":1}},"6":{"start":{"line":10,"column":2},"end":{"line":10,"column":17}},"7":{"start":{"line":11,"column":2},"end":{"line":11,"column":22}},"8":{"start":{"line":12,"column":2},"end":{"line":12,"column":15}},"9":{"start":{"line":15,"column":0},"end":{"line":95,"column":1}},"10":{"start":{"line":37,"column":4},"end":{"line":40,"column":5}},"11":{"start":{"line":38,"column":5},"end":{"line":38,"column":23}},"12":{"start":{"line":39,"column":5},"end":{"line":39,"column":22}},"13":{"start":{"line":42,"column":4},"end":{"line":50,"column":9}},"14":{"start":{"line":52,"column":4},"end":{"line":56,"column":9}},"15":{"start":{"line":72,"column":4},"end":{"line":74,"column":5}},"16":{"start":{"line":73,"column":8},"end":{"line":73,"column":35}},"17":{"start":{"line":75,"column":4},"end":{"line":78,"column":5}},"18":{"start":{"line":77,"column":8},"end":{"line":77,"column":29}},"19":{"start":{"line":79,"column":4},"end":{"line":79,"column":21}},"20":{"start":{"line":80,"column":4},"end":{"line":80,"column":26}},"21":{"start":{"line":81,"column":4},"end":{"line":81,"column":26}},"22":{"start":{"line":82,"column":4},"end":{"line":82,"column":32}},"23":{"start":{"line":83,"column":4},"end":{"line":83,"column":33}},"24":{"start":{"line":84,"column":4},"end":{"line":84,"column":23}},"25":{"start":{"line":85,"column":4},"end":{"line":85,"column":35}},"26":{"start":{"line":86,"column":4},"end":{"line":86,"column":29}},"27":{"start":{"line":87,"column":4},"end":{"line":87,"column":24}},"28":{"start":{"line":88,"column":4},"end":{"line":88,"column":28}},"29":{"start":{"line":89,"column":4},"end":{"line":89,"column":29}},"30":{"start":{"line":90,"column":4},"end":{"line":90,"column":25}},"31":{"start":{"line":92,"column":4},"end":{"line":92,"column":35}},"32":{"start":{"line":93,"column":4},"end":{"line":93,"column":24}},"33":{"start":{"line":94,"column":4},"end":{"line":94,"column":16}},"34":{"start":{"line":97,"column":0},"end":{"line":97,"column":55}},"35":{"start":{"line":98,"column":0},"end":{"line":98,"column":48}},"36":{"start":{"line":100,"column":0},"end":{"line":102,"column":1}},"37":{"start":{"line":101,"column":4},"end":{"line":101,"column":45}},"38":{"start":{"line":104,"column":0},"end":{"line":106,"column":1}},"39":{"start":{"line":105,"column":4},"end":{"line":105,"column":26}},"40":{"start":{"line":108,"column":0},"end":{"line":112,"column":1}},"41":{"start":{"line":109,"column":4},"end":{"line":109,"column":32}},"42":{"start":{"line":110,"column":4},"end":{"line":110,"column":35}},"43":{"start":{"line":111,"column":4},"end":{"line":111,"column":42}},"44":{"start":{"line":114,"column":0},"end":{"line":118,"column":1}},"45":{"start":{"line":115,"column":4},"end":{"line":115,"column":27}},"46":{"start":{"line":116,"column":4},"end":{"line":116,"column":34}},"47":{"start":{"line":117,"column":4},"end":{"line":117,"column":37}},"48":{"start":{"line":120,"column":0},"end":{"line":130,"column":1}},"49":{"start":{"line":124,"column":4},"end":{"line":124,"column":33}},"50":{"start":{"line":126,"column":4},"end":{"line":126,"column":41}},"51":{"start":{"line":127,"column":4},"end":{"line":127,"column":21}},"52":{"start":{"line":132,"column":0},"end":{"line":145,"column":1}},"53":{"start":{"line":133,"column":4},"end":{"line":135,"column":5}},"54":{"start":{"line":134,"column":8},"end":{"line":134,"column":30}},"55":{"start":{"line":136,"column":4},"end":{"line":138,"column":5}},"56":{"start":{"line":137,"column":8},"end":{"line":137,"column":32}},"57":{"start":{"line":139,"column":4},"end":{"line":144,"column":5}},"58":{"start":{"line":140,"column":9},"end":{"line":140,"column":57}},"59":{"start":{"line":141,"column":9},"end":{"line":141,"column":66}},"60":{"start":{"line":143,"column":8},"end":{"line":143,"column":106}},"61":{"start":{"line":147,"column":0},"end":{"line":161,"column":1}},"62":{"start":{"line":148,"column":4},"end":{"line":154,"column":5}},"63":{"start":{"line":149,"column":8},"end":{"line":153,"column":9}},"64":{"start":{"line":150,"column":12},"end":{"line":150,"column":36}},"65":{"start":{"line":152,"column":12},"end":{"line":152,"column":49}},"66":{"start":{"line":155,"column":4},"end":{"line":160,"column":5}},"67":{"start":{"line":156,"column":8},"end":{"line":156,"column":42}},"68":{"start":{"line":157,"column":8},"end":{"line":157,"column":33}},"69":{"start":{"line":159,"column":8},"end":{"line":159,"column":47}},"70":{"start":{"line":163,"column":0},"end":{"line":175,"column":1}},"71":{"start":{"line":164,"column":4},"end":{"line":166,"column":5}},"72":{"start":{"line":165,"column":8},"end":{"line":165,"column":26}},"73":{"start":{"line":167,"column":4},"end":{"line":169,"column":5}},"74":{"start":{"line":168,"column":8},"end":{"line":168,"column":98}},"75":{"start":{"line":173,"column":4},"end":{"line":173,"column":23}},"76":{"start":{"line":174,"column":4},"end":{"line":174,"column":61}}},"branchMap":{"1":{"line":37,"type":"if","locations":[{"start":{"line":37,"column":4},"end":{"line":37,"column":4}},{"start":{"line":37,"column":4},"end":{"line":37,"column":4}}]},"2":{"line":72,"type":"if","locations":[{"start":{"line":72,"column":4},"end":{"line":72,"column":4}},{"start":{"line":72,"column":4},"end":{"line":72,"column":4}}]},"3":{"line":75,"type":"if","locations":[{"start":{"line":75,"column":4},"end":{"line":75,"column":4}},{"start":{"line":75,"column":4},"end":{"line":75,"column":4}}]},"4":{"line":133,"type":"if","locations":[{"start":{"line":133,"column":4},"end":{"line":133,"column":4}},{"start":{"line":133,"column":4},"end":{"line":133,"column":4}}]},"5":{"line":136,"type":"if","locations":[{"start":{"line":136,"column":4},"end":{"line":136,"column":4}},{"start":{"line":136,"column":4},"end":{"line":136,"column":4}}]},"6":{"line":139,"type":"if","locations":[{"start":{"line":139,"column":4},"end":{"line":139,"column":4}},{"start":{"line":139,"column":4},"end":{"line":139,"column":4}}]},"7":{"line":139,"type":"binary-expr","locations":[{"start":{"line":139,"column":8},"end":{"line":139,"column":24}},{"start":{"line":139,"column":28},"end":{"line":139,"column":45}}]},"8":{"line":148,"type":"if","locations":[{"start":{"line":148,"column":4},"end":{"line":148,"column":4}},{"start":{"line":148,"column":4},"end":{"line":148,"column":4}}]},"9":{"line":149,"type":"if","locations":[{"start":{"line":149,"column":8},"end":{"line":149,"column":8}},{"start":{"line":149,"column":8},"end":{"line":149,"column":8}}]},"10":{"line":155,"type":"if","locations":[{"start":{"line":155,"column":4},"end":{"line":155,"column":4}},{"start":{"line":155,"column":4},"end":{"line":155,"column":4}}]},"11":{"line":164,"type":"if","locations":[{"start":{"line":164,"column":4},"end":{"line":164,"column":4}},{"start":{"line":164,"column":4},"end":{"line":164,"column":4}}]},"12":{"line":167,"type":"if","locations":[{"start":{"line":167,"column":4},"end":{"line":167,"column":4}},{"start":{"line":167,"column":4},"end":{"line":167,"column":4}}]}}},"/home/miketrebilcock/Documents/git/js-gpiozero/gpiozero/pins/index.js":{"path":"/home/miketrebilcock/Documents/git/js-gpiozero/gpiozero/pins/index.js","s":{"1":1,"2":1,"3":1,"4":1,"5":1,"6":1,"7":1,"8":2,"9":2,"10":2,"11":0,"12":0,"13":0,"14":0,"15":0,"16":0,"17":0,"18":1,"19":1,"20":0,"21":1,"22":1,"23":1,"24":0,"25":1,"26":1},"b":{"1":[0,0]},"f":{"1":1,"2":1,"3":10,"4":2,"5":0,"6":2,"7":0,"8":0,"9":0,"10":0,"11":0,"12":0,"13":0},"fnMap":{"1":{"name":"inherit","line":3,"loc":{"start":{"line":3,"column":0},"end":{"line":3,"column":24}}},"2":{"name":"F","line":4,"loc":{"start":{"line":4,"column":2},"end":{"line":4,"column":15}}},"3":{"name":"Pin","line":9,"loc":{"start":{"line":9,"column":0},"end":{"line":9,"column":15}}},"4":{"name":"(anonymous_4)","line":50,"loc":{"start":{"line":50,"column":11},"end":{"line":50,"column":23}}},"5":{"name":"(anonymous_5)","line":51,"loc":{"start":{"line":51,"column":8},"end":{"line":51,"column":20}}},"6":{"name":"(anonymous_6)","line":58,"loc":{"start":{"line":58,"column":20},"end":{"line":58,"column":37}}},"7":{"name":"(anonymous_7)","line":74,"loc":{"start":{"line":74,"column":18},"end":{"line":74,"column":33}}},"8":{"name":"(anonymous_8)","line":101,"loc":{"start":{"line":101,"column":15},"end":{"line":101,"column":27}}},"9":{"name":"(anonymous_9)","line":104,"loc":{"start":{"line":104,"column":15},"end":{"line":104,"column":32}}},"10":{"name":"(anonymous_10)","line":124,"loc":{"start":{"line":124,"column":11},"end":{"line":124,"column":23}}},"11":{"name":"(anonymous_11)","line":127,"loc":{"start":{"line":127,"column":11},"end":{"line":127,"column":28}}},"12":{"name":"LocalPin","line":136,"loc":{"start":{"line":136,"column":0},"end":{"line":136,"column":19}}},"13":{"name":"(anonymous_13)","line":149,"loc":{"start":{"line":149,"column":29},"end":{"line":149,"column":40}}}},"statementMap":{"1":{"start":{"line":1,"column":0},"end":{"line":1,"column":22}},"2":{"start":{"line":3,"column":0},"end":{"line":7,"column":1}},"3":{"start":{"line":4,"column":2},"end":{"line":4,"column":17}},"4":{"start":{"line":5,"column":2},"end":{"line":5,"column":22}},"5":{"start":{"line":6,"column":2},"end":{"line":6,"column":15}},"6":{"start":{"line":9,"column":0},"end":{"line":47,"column":1}},"7":{"start":{"line":49,"column":0},"end":{"line":132,"column":1}},"8":{"start":{"line":50,"column":25},"end":{"line":50,"column":47}},"9":{"start":{"line":71,"column":8},"end":{"line":71,"column":33}},"10":{"start":{"line":72,"column":8},"end":{"line":72,"column":27}},"11":{"start":{"line":87,"column":8},"end":{"line":87,"column":36}},"12":{"start":{"line":88,"column":8},"end":{"line":88,"column":25}},"13":{"start":{"line":102,"column":2},"end":{"line":102,"column":17}},"14":{"start":{"line":105,"column":8},"end":{"line":108,"column":9}},"15":{"start":{"line":106,"column":12},"end":{"line":107,"column":75}},"16":{"start":{"line":125,"column":8},"end":{"line":125,"column":17}},"17":{"start":{"line":128,"column":8},"end":{"line":128,"column":75}},"18":{"start":{"line":134,"column":0},"end":{"line":134,"column":29}},"19":{"start":{"line":136,"column":0},"end":{"line":144,"column":1}},"20":{"start":{"line":142,"column":4},"end":{"line":142,"column":19}},"21":{"start":{"line":146,"column":0},"end":{"line":146,"column":44}},"22":{"start":{"line":147,"column":0},"end":{"line":147,"column":42}},"23":{"start":{"line":149,"column":0},"end":{"line":151,"column":1}},"24":{"start":{"line":150,"column":4},"end":{"line":150,"column":36}},"25":{"start":{"line":298,"column":0},"end":{"line":298,"column":18}},"26":{"start":{"line":299,"column":0},"end":{"line":299,"column":28}}},"branchMap":{"1":{"line":105,"type":"if","locations":[{"start":{"line":105,"column":8},"end":{"line":105,"column":8}},{"start":{"line":105,"column":8},"end":{"line":105,"column":8}}]}}},"/home/miketrebilcock/Documents/git/js-gpiozero/gpiozero/output_devices.js":{"path":"/home/miketrebilcock/Documents/git/js-gpiozero/gpiozero/output_devices.js","s":{"1":1,"2":1,"3":1,"4":10,"5":10,"6":10,"7":10,"8":8,"9":2,"10":1,"11":1,"12":3,"13":3,"14":1,"15":1,"16":1,"17":13,"18":1,"19":12,"20":11,"21":1,"22":7,"23":1,"24":4,"25":1,"26":10,"27":0,"28":10,"29":10,"30":1,"31":13,"32":12,"33":1,"34":1,"35":3,"36":3,"37":3,"38":1,"39":2,"40":3,"41":1,"42":1,"43":2,"44":1,"45":1,"46":1,"47":1,"48":1,"49":1,"50":1,"51":1,"52":3},"b":{"1":[8,2],"2":[8,2],"3":[7,6],"4":[0,10],"5":[8,2],"6":[8,2],"7":[12,1],"8":[1,2]},"f":{"1":10,"2":3,"3":3,"4":13,"5":12,"6":7,"7":4,"8":10,"9":13,"10":3,"11":3,"12":2,"13":1,"14":3},"fnMap":{"1":{"name":"OutputDevice","line":6,"loc":{"start":{"line":6,"column":0},"end":{"line":6,"column":55}}},"2":{"name":"inherit","line":39,"loc":{"start":{"line":39,"column":0},"end":{"line":39,"column":24}}},"3":{"name":"F","line":40,"loc":{"start":{"line":40,"column":2},"end":{"line":40,"column":15}}},"4":{"name":"(anonymous_4)","line":49,"loc":{"start":{"line":49,"column":41},"end":{"line":49,"column":58}}},"5":{"name":"(anonymous_5)","line":53,"loc":{"start":{"line":53,"column":32},"end":{"line":53,"column":49}}},"6":{"name":"(anonymous_6)","line":58,"loc":{"start":{"line":58,"column":28},"end":{"line":58,"column":40}}},"7":{"name":"(anonymous_7)","line":65,"loc":{"start":{"line":65,"column":29},"end":{"line":65,"column":40}}},"8":{"name":"active_high","line":72,"loc":{"start":{"line":72,"column":37},"end":{"line":72,"column":66}}},"9":{"name":"(anonymous_9)","line":91,"loc":{"start":{"line":91,"column":31},"end":{"line":91,"column":48}}},"10":{"name":"(anonymous_10)","line":98,"loc":{"start":{"line":98,"column":32},"end":{"line":98,"column":44}}},"11":{"name":"(anonymous_11)","line":104,"loc":{"start":{"line":104,"column":24},"end":{"line":104,"column":43}}},"12":{"name":"DigitalOutputDevice","line":118,"loc":{"start":{"line":118,"column":0},"end":{"line":118,"column":63}}},"13":{"name":"LED","line":127,"loc":{"start":{"line":127,"column":0},"end":{"line":127,"column":45}}},"14":{"name":"(anonymous_14)","line":167,"loc":{"start":{"line":167,"column":23},"end":{"line":167,"column":35}}}},"statementMap":{"1":{"start":{"line":1,"column":0},"end":{"line":2,"column":52}},"2":{"start":{"line":4,"column":0},"end":{"line":4,"column":36}},"3":{"start":{"line":6,"column":0},"end":{"line":37,"column":1}},"4":{"start":{"line":29,"column":4},"end":{"line":29,"column":31}},"5":{"start":{"line":30,"column":4},"end":{"line":30,"column":28}},"6":{"start":{"line":31,"column":4},"end":{"line":31,"column":72}},"7":{"start":{"line":32,"column":4},"end":{"line":36,"column":5}},"8":{"start":{"line":33,"column":8},"end":{"line":33,"column":41}},"9":{"start":{"line":35,"column":8},"end":{"line":35,"column":73}},"10":{"start":{"line":39,"column":0},"end":{"line":43,"column":1}},"11":{"start":{"line":40,"column":2},"end":{"line":40,"column":17}},"12":{"start":{"line":41,"column":2},"end":{"line":41,"column":22}},"13":{"start":{"line":42,"column":2},"end":{"line":42,"column":15}},"14":{"start":{"line":46,"column":0},"end":{"line":46,"column":55}},"15":{"start":{"line":47,"column":0},"end":{"line":47,"column":50}},"16":{"start":{"line":49,"column":0},"end":{"line":51,"column":1}},"17":{"start":{"line":50,"column":4},"end":{"line":50,"column":61}},"18":{"start":{"line":53,"column":0},"end":{"line":56,"column":1}},"19":{"start":{"line":54,"column":4},"end":{"line":54,"column":27}},"20":{"start":{"line":55,"column":4},"end":{"line":55,"column":50}},"21":{"start":{"line":58,"column":0},"end":{"line":63,"column":1}},"22":{"start":{"line":62,"column":4},"end":{"line":62,"column":22}},"23":{"start":{"line":65,"column":0},"end":{"line":70,"column":1}},"24":{"start":{"line":69,"column":4},"end":{"line":69,"column":23}},"25":{"start":{"line":72,"column":0},"end":{"line":89,"column":1}},"26":{"start":{"line":83,"column":4},"end":{"line":86,"column":5}},"27":{"start":{"line":85,"column":8},"end":{"line":85,"column":29}},"28":{"start":{"line":87,"column":4},"end":{"line":87,"column":46}},"29":{"start":{"line":88,"column":4},"end":{"line":88,"column":48}},"30":{"start":{"line":91,"column":0},"end":{"line":96,"column":1}},"31":{"start":{"line":92,"column":4},"end":{"line":94,"column":5}},"32":{"start":{"line":93,"column":8},"end":{"line":93,"column":28}},"33":{"start":{"line":95,"column":4},"end":{"line":95,"column":23}},"34":{"start":{"line":98,"column":0},"end":{"line":112,"column":1}},"35":{"start":{"line":103,"column":4},"end":{"line":103,"column":20}},"36":{"start":{"line":104,"column":4},"end":{"line":111,"column":7}},"37":{"start":{"line":105,"column":8},"end":{"line":109,"column":9}},"38":{"start":{"line":106,"column":12},"end":{"line":106,"column":23}},"39":{"start":{"line":108,"column":12},"end":{"line":108,"column":22}},"40":{"start":{"line":110,"column":8},"end":{"line":110,"column":18}},"41":{"start":{"line":116,"column":0},"end":{"line":116,"column":50}},"42":{"start":{"line":118,"column":0},"end":{"line":120,"column":1}},"43":{"start":{"line":119,"column":4},"end":{"line":119,"column":61}},"44":{"start":{"line":122,"column":0},"end":{"line":122,"column":64}},"45":{"start":{"line":123,"column":0},"end":{"line":123,"column":64}},"46":{"start":{"line":125,"column":0},"end":{"line":125,"column":18}},"47":{"start":{"line":127,"column":0},"end":{"line":162,"column":1}},"48":{"start":{"line":161,"column":4},"end":{"line":161,"column":68}},"49":{"start":{"line":164,"column":0},"end":{"line":164,"column":55}},"50":{"start":{"line":165,"column":0},"end":{"line":165,"column":32}},"51":{"start":{"line":167,"column":0},"end":{"line":169,"column":1}},"52":{"start":{"line":168,"column":4},"end":{"line":168,"column":28}}},"branchMap":{"1":{"line":31,"type":"cond-expr","locations":[{"start":{"line":31,"column":51},"end":{"line":31,"column":55}},{"start":{"line":31,"column":58},"end":{"line":31,"column":69}}]},"2":{"line":32,"type":"if","locations":[{"start":{"line":32,"column":4},"end":{"line":32,"column":4}},{"start":{"line":32,"column":4},"end":{"line":32,"column":4}}]},"3":{"line":50,"type":"cond-expr","locations":[{"start":{"line":50,"column":19},"end":{"line":50,"column":37}},{"start":{"line":50,"column":40},"end":{"line":50,"column":60}}]},"4":{"line":83,"type":"if","locations":[{"start":{"line":83,"column":4},"end":{"line":83,"column":4}},{"start":{"line":83,"column":4},"end":{"line":83,"column":4}}]},"5":{"line":87,"type":"cond-expr","locations":[{"start":{"line":87,"column":33},"end":{"line":87,"column":37}},{"start":{"line":87,"column":40},"end":{"line":87,"column":45}}]},"6":{"line":88,"type":"cond-expr","locations":[{"start":{"line":88,"column":35},"end":{"line":88,"column":40}},{"start":{"line":88,"column":43},"end":{"line":88,"column":47}}]},"7":{"line":92,"type":"if","locations":[{"start":{"line":92,"column":4},"end":{"line":92,"column":4}},{"start":{"line":92,"column":4},"end":{"line":92,"column":4}}]},"8":{"line":105,"type":"if","locations":[{"start":{"line":105,"column":8},"end":{"line":105,"column":8}},{"start":{"line":105,"column":8},"end":{"line":105,"column":8}}]}}},"/home/miketrebilcock/Documents/git/js-gpiozero/gpiozero/pins/mock.js":{"path":"/home/miketrebilcock/Documents/git/js-gpiozero/gpiozero/pins/mock.js","s":{"1":1,"2":1,"3":1,"4":1,"5":1,"6":1,"7":1,"8":15,"9":0,"10":15,"11":15,"12":10,"13":10,"14":10,"15":10,"16":10,"17":10,"18":10,"19":10,"20":10,"21":10,"22":10,"23":5,"24":1,"25":1,"26":1,"27":10,"28":10,"29":1,"30":39,"31":26,"32":13,"33":1,"34":12,"35":0,"36":12,"37":1,"38":12,"39":10,"40":10,"41":10,"42":10,"43":10,"44":2,"45":1,"46":10,"47":1,"48":9,"49":9,"50":9,"51":0,"52":1,"53":18,"54":18,"55":1,"56":0,"57":1,"58":9,"59":1,"60":1},"b":{"1":[0,15],"2":[15,15],"3":[10,5],"4":[26,13],"5":[1,12],"6":[0,12],"7":[12,6],"8":[10,2],"9":[1,9],"10":[9,0],"11":[9,8],"12":[1,8]},"f":{"1":1,"2":1,"3":15,"4":10,"5":39,"6":12,"7":10,"8":18,"9":0,"10":9},"fnMap":{"1":{"name":"inherit","line":7,"loc":{"start":{"line":7,"column":0},"end":{"line":7,"column":24}}},"2":{"name":"F","line":8,"loc":{"start":{"line":8,"column":2},"end":{"line":8,"column":15}}},"3":{"name":"MockPin","line":13,"loc":{"start":{"line":13,"column":0},"end":{"line":13,"column":25}}},"4":{"name":"(anonymous_4)","line":43,"loc":{"start":{"line":43,"column":33},"end":{"line":43,"column":44}}},"5":{"name":"(anonymous_5)","line":48,"loc":{"start":{"line":48,"column":26},"end":{"line":48,"column":43}}},"6":{"name":"(anonymous_6)","line":62,"loc":{"start":{"line":62,"column":34},"end":{"line":62,"column":51}}},"7":{"name":"(anonymous_7)","line":73,"loc":{"start":{"line":73,"column":33},"end":{"line":73,"column":50}}},"8":{"name":"(anonymous_8)","line":88,"loc":{"start":{"line":88,"column":26},"end":{"line":88,"column":38}}},"9":{"name":"(anonymous_9)","line":94,"loc":{"start":{"line":94,"column":36},"end":{"line":94,"column":46}}},"10":{"name":"clear_pins","line":96,"loc":{"start":{"line":96,"column":0},"end":{"line":96,"column":23}}}},"statementMap":{"1":{"start":{"line":1,"column":0},"end":{"line":2,"column":27}},"2":{"start":{"line":5,"column":0},"end":{"line":5,"column":15}},"3":{"start":{"line":7,"column":0},"end":{"line":11,"column":1}},"4":{"start":{"line":8,"column":2},"end":{"line":8,"column":17}},"5":{"start":{"line":9,"column":2},"end":{"line":9,"column":22}},"6":{"start":{"line":10,"column":2},"end":{"line":10,"column":15}},"7":{"start":{"line":13,"column":0},"end":{"line":39,"column":1}},"8":{"start":{"line":18,"column":4},"end":{"line":20,"column":5}},"9":{"start":{"line":19,"column":8},"end":{"line":19,"column":92}},"10":{"start":{"line":21,"column":4},"end":{"line":21,"column":28}},"11":{"start":{"line":22,"column":4},"end":{"line":34,"column":5}},"12":{"start":{"line":23,"column":8},"end":{"line":23,"column":25}},"13":{"start":{"line":24,"column":8},"end":{"line":24,"column":29}},"14":{"start":{"line":25,"column":8},"end":{"line":25,"column":30}},"15":{"start":{"line":26,"column":8},"end":{"line":26,"column":33}},"16":{"start":{"line":27,"column":8},"end":{"line":27,"column":28}},"17":{"start":{"line":28,"column":8},"end":{"line":28,"column":32}},"18":{"start":{"line":29,"column":8},"end":{"line":29,"column":33}},"19":{"start":{"line":30,"column":8},"end":{"line":30,"column":29}},"20":{"start":{"line":31,"column":8},"end":{"line":31,"column":39}},"21":{"start":{"line":32,"column":8},"end":{"line":32,"column":28}},"22":{"start":{"line":33,"column":8},"end":{"line":33,"column":20}},"23":{"start":{"line":38,"column":4},"end":{"line":38,"column":19}},"24":{"start":{"line":40,"column":0},"end":{"line":40,"column":45}},"25":{"start":{"line":41,"column":0},"end":{"line":41,"column":40}},"26":{"start":{"line":43,"column":0},"end":{"line":46,"column":1}},"27":{"start":{"line":44,"column":4},"end":{"line":44,"column":45}},"28":{"start":{"line":45,"column":4},"end":{"line":45,"column":51}},"29":{"start":{"line":48,"column":0},"end":{"line":60,"column":1}},"30":{"start":{"line":49,"column":4},"end":{"line":51,"column":5}},"31":{"start":{"line":50,"column":8},"end":{"line":50,"column":27}},"32":{"start":{"line":52,"column":4},"end":{"line":54,"column":5}},"33":{"start":{"line":53,"column":8},"end":{"line":53,"column":69}},"34":{"start":{"line":55,"column":4},"end":{"line":57,"column":5}},"35":{"start":{"line":56,"column":8},"end":{"line":56,"column":92}},"36":{"start":{"line":59,"column":4},"end":{"line":59,"column":40}},"37":{"start":{"line":62,"column":0},"end":{"line":71,"column":1}},"38":{"start":{"line":63,"column":4},"end":{"line":69,"column":5}},"39":{"start":{"line":64,"column":8},"end":{"line":64,"column":33}},"40":{"start":{"line":65,"column":8},"end":{"line":65,"column":28}},"41":{"start":{"line":66,"column":8},"end":{"line":66,"column":69}},"42":{"start":{"line":67,"column":8},"end":{"line":67,"column":30}},"43":{"start":{"line":68,"column":8},"end":{"line":68,"column":20}},"44":{"start":{"line":70,"column":4},"end":{"line":70,"column":17}},"45":{"start":{"line":73,"column":0},"end":{"line":86,"column":1}},"46":{"start":{"line":74,"column":4},"end":{"line":76,"column":5}},"47":{"start":{"line":75,"column":8},"end":{"line":75,"column":30}},"48":{"start":{"line":77,"column":4},"end":{"line":85,"column":5}},"49":{"start":{"line":78,"column":8},"end":{"line":78,"column":30}},"50":{"start":{"line":79,"column":8},"end":{"line":82,"column":9}},"51":{"start":{"line":84,"column":8},"end":{"line":84,"column":92}},"52":{"start":{"line":88,"column":0},"end":{"line":92,"column":2}},"53":{"start":{"line":89,"column":4},"end":{"line":89,"column":34}},"54":{"start":{"line":90,"column":4},"end":{"line":90,"column":29}},"55":{"start":{"line":94,"column":0},"end":{"line":94,"column":73}},"56":{"start":{"line":94,"column":48},"end":{"line":94,"column":68}},"57":{"start":{"line":96,"column":0},"end":{"line":98,"column":1}},"58":{"start":{"line":97,"column":4},"end":{"line":97,"column":15}},"59":{"start":{"line":101,"column":0},"end":{"line":101,"column":26}},"60":{"start":{"line":102,"column":0},"end":{"line":102,"column":32}}},"branchMap":{"1":{"line":18,"type":"if","locations":[{"start":{"line":18,"column":4},"end":{"line":18,"column":4}},{"start":{"line":18,"column":4},"end":{"line":18,"column":4}}]},"2":{"line":18,"type":"binary-expr","locations":[{"start":{"line":18,"column":9},"end":{"line":18,"column":19}},{"start":{"line":18,"column":23},"end":{"line":18,"column":34}}]},"3":{"line":22,"type":"if","locations":[{"start":{"line":22,"column":4},"end":{"line":22,"column":4}},{"start":{"line":22,"column":4},"end":{"line":22,"column":4}}]},"4":{"line":49,"type":"if","locations":[{"start":{"line":49,"column":4},"end":{"line":49,"column":4}},{"start":{"line":49,"column":4},"end":{"line":49,"column":4}}]},"5":{"line":52,"type":"if","locations":[{"start":{"line":52,"column":4},"end":{"line":52,"column":4}},{"start":{"line":52,"column":4},"end":{"line":52,"column":4}}]},"6":{"line":55,"type":"if","locations":[{"start":{"line":55,"column":4},"end":{"line":55,"column":4}},{"start":{"line":55,"column":4},"end":{"line":55,"column":4}}]},"7":{"line":55,"type":"binary-expr","locations":[{"start":{"line":55,"column":8},"end":{"line":55,"column":18}},{"start":{"line":55,"column":22},"end":{"line":55,"column":32}}]},"8":{"line":63,"type":"if","locations":[{"start":{"line":63,"column":4},"end":{"line":63,"column":4}},{"start":{"line":63,"column":4},"end":{"line":63,"column":4}}]},"9":{"line":74,"type":"if","locations":[{"start":{"line":74,"column":4},"end":{"line":74,"column":4}},{"start":{"line":74,"column":4},"end":{"line":74,"column":4}}]},"10":{"line":77,"type":"if","locations":[{"start":{"line":77,"column":4},"end":{"line":77,"column":4}},{"start":{"line":77,"column":4},"end":{"line":77,"column":4}}]},"11":{"line":77,"type":"binary-expr","locations":[{"start":{"line":77,"column":8},"end":{"line":77,"column":23}},{"start":{"line":77,"column":27},"end":{"line":77,"column":44}}]},"12":{"line":79,"type":"if","locations":[{"start":{"line":79,"column":8},"end":{"line":79,"column":8}},{"start":{"line":79,"column":8},"end":{"line":79,"column":8}}]}}}}