TN:
SF:/home/miketrebilcock/Documents/git/js-gpiozero/gpiozero/index.js
FNF:0
FNH:0
DA:1,1
DA:6,1
LF:2
LH:2
BRF:0
BRH:0
end_of_record
TN:
SF:/home/miketrebilcock/Documents/git/js-gpiozero/gpiozero/exc.js
FN:1,inherit
FN:2,F
FN:7,GPIOZeroError
FN:20,GPIODeviceError
FN:25,DeviceClosed
FN:31,GPIOPinMissing
FN:38,GPIOPinInUse
FN:44,PinError
FN:49,PinInvalidFunction
FN:54,PinSetInput
FNF:10
FNH:9
FNDA:8,inherit
FNDA:8,F
FNDA:4,GPIOZeroError
FNDA:2,GPIODeviceError
FNDA:1,DeviceClosed
FNDA:1,GPIOPinMissing
FNDA:1,GPIOPinInUse
FNDA:1,PinError
FNDA:0,PinInvalidFunction
FNDA:1,PinSetInput
DA:1,1
DA:2,1
DA:3,8
DA:4,8
DA:7,1
DA:8,4
DA:9,4
DA:12,1
DA:20,1
DA:21,2
DA:23,1
DA:25,1
DA:26,1
DA:28,1
DA:29,1
DA:31,1
DA:32,1
DA:34,1
DA:35,1
DA:38,1
DA:39,1
DA:41,1
DA:42,1
DA:44,1
DA:45,1
DA:47,1
DA:49,1
DA:50,0
DA:52,1
DA:54,1
DA:55,1
DA:57,1
DA:58,1
LF:33
LH:32
BRDA:8,1,0,4
BRDA:8,1,1,0
BRDA:21,2,0,2
BRDA:21,2,1,0
BRDA:26,3,0,1
BRDA:26,3,1,0
BRDA:32,4,0,1
BRDA:32,4,1,0
BRDA:39,5,0,1
BRDA:39,5,1,0
BRDA:45,6,0,1
BRDA:45,6,1,0
BRF:12
BRH:6
end_of_record
TN:
SF:/home/miketrebilcock/Documents/git/js-gpiozero/gpiozero/devices.js
FN:11,inherit
FN:12,F
FN:17,_default_pin_factory
FN:50,Device
FN:59,(anonymous_5)
FN:68,(anonymous_6)
FN:77,(anonymous_7)
FN:87,GPIODevice
FN:100,(anonymous_9)
FN:116,(anonymous_10)
FN:118,(anonymous_11)
FN:129,(anonymous_12)
FN:133,(anonymous_13)
FN:143,(anonymous_14)
FN:147,(anonymous_15)
FN:152,(anonymous_16)
FN:156,(anonymous_17)
FN:168,(anonymous_18)
FNF:18
FNH:16
FNDA:1,inherit
FNDA:1,F
FNDA:1,_default_pin_factory
FNDA:20,Device
FNDA:0,(anonymous_5)
FNDA:0,(anonymous_6)
FNDA:25,(anonymous_7)
FNDA:20,GPIODevice
FNDA:19,(anonymous_9)
FNDA:19,(anonymous_10)
FNDA:19,(anonymous_11)
FNDA:30,(anonymous_12)
FNDA:19,(anonymous_13)
FNDA:1,(anonymous_14)
FNDA:13,(anonymous_15)
FNDA:13,(anonymous_16)
FNDA:7,(anonymous_17)
FNDA:1,(anonymous_18)
DA:3,1
DA:7,1
DA:8,1
DA:11,1
DA:12,1
DA:13,1
DA:14,1
DA:17,1
DA:48,1
DA:50,1
DA:59,1
DA:65,0
DA:68,1
DA:74,0
DA:77,1
DA:78,25
DA:79,1
DA:84,1
DA:87,1
DA:91,20
DA:92,20
DA:93,20
DA:94,1
DA:96,19
DA:97,0
DA:100,19
DA:101,19
DA:102,1
DA:104,18
DA:105,18
DA:108,18
DA:109,18
DA:110,18
DA:113,1
DA:114,1
DA:116,1
DA:117,19
DA:118,19
DA:119,19
DA:120,19
DA:121,18
DA:122,18
DA:124,19
DA:125,19
DA:129,1
DA:130,30
DA:133,1
DA:140,19
DA:143,1
DA:144,1
DA:147,1
DA:148,13
DA:149,13
DA:152,1
DA:153,13
DA:156,1
DA:163,7
DA:168,1
DA:175,1
DA:178,1
LF:60
LH:57
BRDA:78,1,0,1
BRDA:78,1,1,24
BRDA:93,2,0,1
BRDA:93,2,1,19
BRDA:96,3,0,0
BRDA:96,3,1,19
BRDA:101,4,0,1
BRDA:101,4,1,18
BRDA:120,5,0,18
BRDA:120,5,1,1
BRF:10
BRH:9
end_of_record
TN:
SF:/home/miketrebilcock/Documents/git/js-gpiozero/gpiozero/pins/wiringpi.js
FN:9,inherit
FN:10,F
FN:15,WiringPiPin
FN:100,(anonymous_4)
FN:104,(anonymous_5)
FN:108,(anonymous_6)
FN:114,(anonymous_7)
FN:120,(anonymous_8)
FN:132,(anonymous_9)
FN:147,(anonymous_10)
FN:163,(anonymous_11)
FNF:11
FNH:2
FNDA:1,inherit
FNDA:1,F
FNDA:0,WiringPiPin
FNDA:0,(anonymous_4)
FNDA:0,(anonymous_5)
FNDA:0,(anonymous_6)
FNDA:0,(anonymous_7)
FNDA:0,(anonymous_8)
FNDA:0,(anonymous_9)
FNDA:0,(anonymous_10)
FNDA:0,(anonymous_11)
DA:1,1
DA:5,1
DA:6,1
DA:7,1
DA:9,1
DA:10,1
DA:11,1
DA:12,1
DA:15,1
DA:37,0
DA:38,0
DA:39,0
DA:42,0
DA:52,0
DA:72,0
DA:73,0
DA:75,0
DA:77,0
DA:79,0
DA:80,0
DA:81,0
DA:82,0
DA:83,0
DA:84,0
DA:85,0
DA:86,0
DA:87,0
DA:88,0
DA:89,0
DA:90,0
DA:92,0
DA:93,0
DA:94,0
DA:97,1
DA:98,1
DA:100,1
DA:101,0
DA:104,1
DA:105,0
DA:108,1
DA:109,0
DA:110,0
DA:111,0
DA:114,1
DA:115,0
DA:116,0
DA:117,0
DA:120,1
DA:124,0
DA:126,0
DA:127,0
DA:132,1
DA:133,0
DA:134,0
DA:136,0
DA:137,0
DA:139,0
DA:140,0
DA:141,0
DA:143,0
DA:147,1
DA:148,0
DA:149,0
DA:150,0
DA:152,0
DA:155,0
DA:156,0
DA:157,0
DA:159,0
DA:163,1
DA:164,0
DA:165,0
DA:167,0
DA:168,0
DA:173,0
DA:174,0
LF:76
LH:19
BRDA:37,1,0,0
BRDA:37,1,1,0
BRDA:72,2,0,0
BRDA:72,2,1,0
BRDA:75,3,0,0
BRDA:75,3,1,0
BRDA:133,4,0,0
BRDA:133,4,1,0
BRDA:136,5,0,0
BRDA:136,5,1,0
BRDA:139,6,0,0
BRDA:139,6,1,0
BRDA:139,7,0,0
BRDA:139,7,1,0
BRDA:148,8,0,0
BRDA:148,8,1,0
BRDA:149,9,0,0
BRDA:149,9,1,0
BRDA:155,10,0,0
BRDA:155,10,1,0
BRDA:164,11,0,0
BRDA:164,11,1,0
BRDA:167,12,0,0
BRDA:167,12,1,0
BRF:24
BRH:0
end_of_record
TN:
SF:/home/miketrebilcock/Documents/git/js-gpiozero/gpiozero/pins/index.js
FN:3,inherit
FN:4,F
FN:9,Pin
FN:50,(anonymous_4)
FN:51,(anonymous_5)
FN:58,(anonymous_6)
FN:74,(anonymous_7)
FN:101,(anonymous_8)
FN:104,(anonymous_9)
FN:124,(anonymous_10)
FN:127,(anonymous_11)
FN:136,LocalPin
FN:149,(anonymous_13)
FNF:13
FNH:5
FNDA:1,inherit
FNDA:1,F
FNDA:10,Pin
FNDA:2,(anonymous_4)
FNDA:0,(anonymous_5)
FNDA:2,(anonymous_6)
FNDA:0,(anonymous_7)
FNDA:0,(anonymous_8)
FNDA:0,(anonymous_9)
FNDA:0,(anonymous_10)
FNDA:0,(anonymous_11)
FNDA:0,LocalPin
FNDA:0,(anonymous_13)
DA:1,1
DA:3,1
DA:4,1
DA:5,1
DA:6,1
DA:9,1
DA:49,1
DA:50,2
DA:71,2
DA:72,2
DA:87,0
DA:88,0
DA:102,0
DA:105,0
DA:106,0
DA:125,0
DA:128,0
DA:134,1
DA:136,1
DA:142,0
DA:146,1
DA:147,1
DA:149,1
DA:150,0
DA:298,1
DA:299,1
LF:26
LH:17
BRDA:105,1,0,0
BRDA:105,1,1,0
BRF:2
BRH:0
end_of_record
TN:
SF:/home/miketrebilcock/Documents/git/js-gpiozero/gpiozero/output_devices.js
FN:6,OutputDevice
FN:39,inherit
FN:40,F
FN:49,(anonymous_4)
FN:53,(anonymous_5)
FN:58,(anonymous_6)
FN:65,(anonymous_7)
FN:72,active_high
FN:91,(anonymous_9)
FN:98,(anonymous_10)
FN:104,(anonymous_11)
FN:118,DigitalOutputDevice
FN:127,LED
FN:167,(anonymous_14)
FNF:14
FNH:14
FNDA:10,OutputDevice
FNDA:3,inherit
FNDA:3,F
FNDA:13,(anonymous_4)
FNDA:12,(anonymous_5)
FNDA:7,(anonymous_6)
FNDA:4,(anonymous_7)
FNDA:10,active_high
FNDA:13,(anonymous_9)
FNDA:3,(anonymous_10)
FNDA:3,(anonymous_11)
FNDA:2,DigitalOutputDevice
FNDA:1,LED
FNDA:3,(anonymous_14)
DA:1,1
DA:4,1
DA:6,1
DA:29,10
DA:30,10
DA:31,10
DA:32,10
DA:33,8
DA:35,2
DA:39,1
DA:40,1
DA:41,3
DA:42,3
DA:46,1
DA:47,1
DA:49,1
DA:50,13
DA:53,1
DA:54,12
DA:55,11
DA:58,1
DA:62,7
DA:65,1
DA:69,4
DA:72,1
DA:83,10
DA:85,0
DA:87,10
DA:88,10
DA:91,1
DA:92,13
DA:93,12
DA:95,1
DA:98,1
DA:103,3
DA:104,3
DA:105,3
DA:106,1
DA:108,2
DA:110,3
DA:116,1
DA:118,1
DA:119,2
DA:122,1
DA:123,1
DA:125,1
DA:127,1
DA:161,1
DA:164,1
DA:165,1
DA:167,1
DA:168,3
LF:52
LH:51
BRDA:31,1,0,8
BRDA:31,1,1,2
BRDA:32,2,0,8
BRDA:32,2,1,2
BRDA:50,3,0,7
BRDA:50,3,1,6
BRDA:83,4,0,0
BRDA:83,4,1,10
BRDA:87,5,0,8
BRDA:87,5,1,2
BRDA:88,6,0,8
BRDA:88,6,1,2
BRDA:92,7,0,12
BRDA:92,7,1,1
BRDA:105,8,0,1
BRDA:105,8,1,2
BRF:16
BRH:15
end_of_record
TN:
SF:/home/miketrebilcock/Documents/git/js-gpiozero/gpiozero/pins/mock.js
FN:7,inherit
FN:8,F
FN:13,MockPin
FN:43,(anonymous_4)
FN:48,(anonymous_5)
FN:62,(anonymous_6)
FN:73,(anonymous_7)
FN:88,(anonymous_8)
FN:94,(anonymous_9)
FN:96,clear_pins
FNF:10
FNH:9
FNDA:1,inherit
FNDA:1,F
FNDA:15,MockPin
FNDA:10,(anonymous_4)
FNDA:39,(anonymous_5)
FNDA:12,(anonymous_6)
FNDA:10,(anonymous_7)
FNDA:18,(anonymous_8)
FNDA:0,(anonymous_9)
FNDA:9,clear_pins
DA:1,1
DA:5,1
DA:7,1
DA:8,1
DA:9,1
DA:10,1
DA:13,1
DA:18,15
DA:19,0
DA:21,15
DA:22,15
DA:23,10
DA:24,10
DA:25,10
DA:26,10
DA:27,10
DA:28,10
DA:29,10
DA:30,10
DA:31,10
DA:32,10
DA:33,10
DA:38,5
DA:40,1
DA:41,1
DA:43,1
DA:44,10
DA:45,10
DA:48,1
DA:49,39
DA:50,26
DA:52,13
DA:53,1
DA:55,12
DA:56,0
DA:59,12
DA:62,1
DA:63,12
DA:64,10
DA:65,10
DA:66,10
DA:67,10
DA:68,10
DA:70,2
DA:73,1
DA:74,10
DA:75,1
DA:77,9
DA:78,9
DA:79,9
DA:84,0
DA:88,1
DA:89,18
DA:90,18
DA:94,1
DA:96,1
DA:97,9
DA:101,1
DA:102,1
LF:59
LH:56
BRDA:18,1,0,0
BRDA:18,1,1,15
BRDA:18,2,0,15
BRDA:18,2,1,15
BRDA:22,3,0,10
BRDA:22,3,1,5
BRDA:49,4,0,26
BRDA:49,4,1,13
BRDA:52,5,0,1
BRDA:52,5,1,12
BRDA:55,6,0,0
BRDA:55,6,1,12
BRDA:55,7,0,12
BRDA:55,7,1,6
BRDA:63,8,0,10
BRDA:63,8,1,2
BRDA:74,9,0,1
BRDA:74,9,1,9
BRDA:77,10,0,9
BRDA:77,10,1,0
BRDA:77,11,0,9
BRDA:77,11,1,8
BRDA:79,12,0,1
BRDA:79,12,1,8
BRF:24
BRH:21
end_of_record
